<?xml version="1.0" encoding="UTF-8"?>
<!-- Generated by org.testng.reporters.JUnitXMLReporter -->
<testsuite ignored="0" hostname="73155.local" failures="0" tests="3" name="Login Negative and Positive Tests-0" time="1.853" errors="0" timestamp="2025-07-24T10:55:07 EDT">
  <testcase classname="org.latiffsyed.testUtils.AndroidBaseTest" name="@BeforeClass configureAppium" time="0.156">
    <failure type="java.net.MalformedURLException" message="no protocol: ">
      <![CDATA[java.net.MalformedURLException: no protocol: 
at java.base/java.net.URL.<init>(URL.java:772)
at java.base/java.net.URL.<init>(URL.java:654)
at java.base/java.net.URL.<init>(URL.java:590)
at org.openqa.selenium.remote.RemoteWebDriver.<init>(RemoteWebDriver.java)
at io.appium.java_client.AppiumDriver.<init>(AppiumDriver.java:101)
at io.appium.java_client.AppiumDriver.<init>(AppiumDriver.java:113)
at io.appium.java_client.android.AndroidDriver.<init>(AndroidDriver.java:109)
at org.latiffsyed.testUtils.AndroidBaseTest.configureAppium(AndroidBaseTest.java:61)
at java.base/java.util.ArrayList.forEach(ArrayList.java:1596)
at java.base/java.util.concurrent.FutureTask.run(FutureTask.java:317)
at java.base/java.util.concurrent.ThreadPoolExecutor.runWorker(ThreadPoolExecutor.java:1144)
at java.base/java.util.concurrent.ThreadPoolExecutor$Worker.run(ThreadPoolExecutor.java:642)
at java.base/java.lang.Thread.run(Thread.java:1583)
... Removed 13 stack frames]]>
    </failure>
  </testcase> <!-- @BeforeClass configureAppium -->
  <testcase classname="org.latiffsyed.tests.android.LoginFormValidationTest" name="@BeforeMethod preSetup" time="0.0">
    <skipped/>
  </testcase> <!-- @BeforeMethod preSetup -->
  <testcase classname="org.latiffsyed.tests.android.LoginFormValidationTest" name="@BeforeMethod preSetup" time="0.0">
    <skipped/>
  </testcase> <!-- @BeforeMethod preSetup -->
  <testcase classname="org.latiffsyed.tests.android.LoginFormValidationTest" name="@BeforeMethod preSetup" time="0.0">
    <skipped/>
  </testcase> <!-- @BeforeMethod preSetup -->
  <testcase classname="org.latiffsyed.testUtils.AndroidBaseTest" name="@AfterClass tearDown" time="0.03">
    <failure type="java.lang.NullPointerException" message="Cannot invoke &amp;quot;io.appium.java_client.android.AndroidDriver.quit()&amp;quot; because &amp;quot;this.driver&amp;quot; is null">
      <![CDATA[java.lang.NullPointerException: Cannot invoke "io.appium.java_client.android.AndroidDriver.quit()" because "this.driver" is null
at org.latiffsyed.testUtils.AndroidBaseTest.tearDown(AndroidBaseTest.java:72)
at java.base/java.util.ArrayList.forEach(ArrayList.java:1596)
at java.base/java.util.concurrent.FutureTask.run(FutureTask.java:317)
at java.base/java.util.concurrent.ThreadPoolExecutor.runWorker(ThreadPoolExecutor.java:1144)
at java.base/java.util.concurrent.ThreadPoolExecutor$Worker.run(ThreadPoolExecutor.java:642)
at java.base/java.lang.Thread.run(Thread.java:1583)
... Removed 14 stack frames]]>
    </failure>
  </testcase> <!-- @AfterClass tearDown -->
  <testcase classname="org.latiffsyed.tests.android.LoginFormValidationTest" name="FormLogin_ErrorValidationFailedTest" time="0.0">
    <skipped/>
  </testcase> <!-- FormLogin_ErrorValidationFailedTest -->
  <testcase classname="org.latiffsyed.tests.android.LoginFormValidationTest" name="FormLogin_ErrorValidationTest" time="0.001">
    <skipped/>
  </testcase> <!-- FormLogin_ErrorValidationTest -->
  <testcase classname="org.latiffsyed.tests.android.LoginFormValidationTest" name="FormLogin_PositiveFlowTest" time="0.0">
    <skipped/>
  </testcase> <!-- FormLogin_PositiveFlowTest -->
</testsuite> <!-- Login Negative and Positive Tests-0 -->
