<!DOCTYPE html>

<html>
  <head>
  <meta charset='utf-8'>
  <title>TestNG reports</title>

    <link type="text/css" href="testng-reports1.css" rel="stylesheet" id="ultra" />
    <link type="text/css" href="testng-reports.css" rel="stylesheet" id="retro" disabled="false"/>
    <script type="text/javascript" src="jquery-3.6.0.min.js"></script>
    <script type="text/javascript" src="testng-reports.js"></script>
    <script type="text/javascript" src="https://www.google.com/jsapi"></script>
    <script type='text/javascript'>
      google.load('visualization', '1', {packages:['table']});
      google.setOnLoadCallback(drawTable);
      var suiteTableInitFunctions = new Array();
      var suiteTableData = new Array();
    </script>
    <!--
      <script type="text/javascript" src="jquery-ui/js/jquery-ui-1.8.16.custom.min.js"></script>
     -->
  </head>

  <body>    <div class="top-banner-root">
      <span class="top-banner-title-font">Test results</span>
      <button id="button" class="button">Switch Retro Theme</button> <!-- button -->
      <br/>
      <span class="top-banner-font-1">1 suite</span>
    </div> <!-- top-banner-root -->
    <div class="navigator-root">
      <div class="navigator-suite-header">
        <span>All suites</span>
        <a href="#" title="Collapse/expand all the suites" class="collapse-all-link">
          <img src="collapseall.gif" class="collapse-all-icon">
          </img> <!-- collapse-all-icon -->
        </a> <!-- collapse-all-link -->
      </div> <!-- navigator-suite-header -->
      <div class="suite">
        <div class="rounded-window">
          <div class="suite-header light-rounded-window-top">
            <a href="#" panel-name="suite-EcommerceApp_Test_Suite" class="navigator-link">
              <span class="suite-name border-skipped">EcommerceApp Test Suite</span>
            </a> <!-- navigator-link -->
          </div> <!-- suite-header light-rounded-window-top -->
          <div class="navigator-suite-content">
            <div class="suite-section-title">
              <span>Info</span>
            </div> <!-- suite-section-title -->
            <div class="suite-section-content">
              <ul>
                <li>
                  <a href="#" panel-name="test-xml-EcommerceApp_Test_Suite" class="navigator-link ">
                    <span>testng.xml</span>
                  </a> <!-- navigator-link  -->
                </li>
                <li>
                  <a href="#" panel-name="testlist-EcommerceApp_Test_Suite" class="navigator-link ">
                    <span class="test-stats">9 tests</span>
                  </a> <!-- navigator-link  -->
                </li>
                <li>
                  <a href="#" panel-name="group-EcommerceApp_Test_Suite" class="navigator-link ">
                    <span>1 group</span>
                  </a> <!-- navigator-link  -->
                </li>
                <li>
                  <a href="#" panel-name="times-EcommerceApp_Test_Suite" class="navigator-link ">
                    <span>Times</span>
                  </a> <!-- navigator-link  -->
                </li>
                <li>
                  <a href="#" panel-name="reporter-EcommerceApp_Test_Suite" class="navigator-link ">
                    <span>Reporter output</span>
                  </a> <!-- navigator-link  -->
                </li>
                <li>
                  <a href="#" panel-name="ignored-methods-EcommerceApp_Test_Suite" class="navigator-link ">
                    <span>Ignored methods</span>
                  </a> <!-- navigator-link  -->
                </li>
                <li>
                  <a href="#" panel-name="chronological-EcommerceApp_Test_Suite" class="navigator-link ">
                    <span>Chronological view</span>
                  </a> <!-- navigator-link  -->
                </li>
              </ul>
            </div> <!-- suite-section-content -->
            <div class="result-section">
              <div class="suite-section-title">
                <span>Results</span>
              </div> <!-- suite-section-title -->
              <div class="suite-section-content">
                <ul>
                  <li>
                    <span class="method-stats">15 methods,  15 skipped,  </span>
                  </li>
                  <li>
                    <span class="method-list-title skipped">Skipped methods</span>
                    <span class="show-or-hide-methods skipped">
                      <a href="#" panel-name="suite-EcommerceApp_Test_Suite" class="hide-methods skipped suite-EcommerceApp_Test_Suite"> (hide)</a> <!-- hide-methods skipped suite-EcommerceApp_Test_Suite -->
                      <a href="#" panel-name="suite-EcommerceApp_Test_Suite" class="show-methods skipped suite-EcommerceApp_Test_Suite"> (show)</a> <!-- show-methods skipped suite-EcommerceApp_Test_Suite -->
                    </span>
                    <div class="method-list-content skipped suite-EcommerceApp_Test_Suite">
                      <span>
                        <img src="skipped.png" width="3%"/>
                        <a href="#" panel-name="suite-EcommerceApp_Test_Suite" title="org.latiffsyed.tests.android.PurchaseOrderFlowTest" class="method navigator-link" hash-for-method="EndToEndOrderFlowTest({gender=Female, name=Nadu Syed, country=Australia})">EndToEndOrderFlowTest({gender=Female, name=Nadu Syed, country=Australia})</a> <!-- method navigator-link -->
                      </span>
                      <br/>
                      <span>
                        <img src="skipped.png" width="3%"/>
                        <a href="#" panel-name="suite-EcommerceApp_Test_Suite" title="org.latiffsyed.tests.android.PurchaseOrderFlowTest" class="method navigator-link" hash-for-method="EndToEndOrderFlowTest({gender=Female, name=Nadu Syed, country=Australia})">EndToEndOrderFlowTest({gender=Female, name=Nadu Syed, country=Australia})</a> <!-- method navigator-link -->
                      </span>
                      <br/>
                      <span>
                        <img src="skipped.png" width="3%"/>
                        <a href="#" panel-name="suite-EcommerceApp_Test_Suite" title="org.latiffsyed.tests.android.PurchaseOrderFlowTest" class="method navigator-link" hash-for-method="EndToEndOrderFlowTest({gender=Female, name=Nadu Syed, country=Australia})">EndToEndOrderFlowTest({gender=Female, name=Nadu Syed, country=Australia})</a> <!-- method navigator-link -->
                      </span>
                      <br/>
                      <span>
                        <img src="skipped.png" width="3%"/>
                        <a href="#" panel-name="suite-EcommerceApp_Test_Suite" title="org.latiffsyed.tests.android.LoginFormValidationTest" class="method navigator-link" hash-for-method="FormLogin_ErrorValidationFailedTest">FormLogin_ErrorValidationFailedTest</a> <!-- method navigator-link -->
                      </span>
                      <br/>
                      <span>
                        <img src="skipped.png" width="3%"/>
                        <a href="#" panel-name="suite-EcommerceApp_Test_Suite" title="org.latiffsyed.tests.android.LoginFormValidationTest" class="method navigator-link" hash-for-method="FormLogin_ErrorValidationFailedTest">FormLogin_ErrorValidationFailedTest</a> <!-- method navigator-link -->
                      </span>
                      <br/>
                      <span>
                        <img src="skipped.png" width="3%"/>
                        <a href="#" panel-name="suite-EcommerceApp_Test_Suite" title="org.latiffsyed.tests.android.LoginFormValidationTest" class="method navigator-link" hash-for-method="FormLogin_ErrorValidationFailedTest">FormLogin_ErrorValidationFailedTest</a> <!-- method navigator-link -->
                      </span>
                      <br/>
                      <span>
                        <img src="skipped.png" width="3%"/>
                        <a href="#" panel-name="suite-EcommerceApp_Test_Suite" title="org.latiffsyed.tests.android.LoginFormValidationTest" class="method navigator-link" hash-for-method="FormLogin_ErrorValidationTest">FormLogin_ErrorValidationTest</a> <!-- method navigator-link -->
                      </span>
                      <br/>
                      <span>
                        <img src="skipped.png" width="3%"/>
                        <a href="#" panel-name="suite-EcommerceApp_Test_Suite" title="org.latiffsyed.tests.android.LoginFormValidationTest" class="method navigator-link" hash-for-method="FormLogin_ErrorValidationTest">FormLogin_ErrorValidationTest</a> <!-- method navigator-link -->
                      </span>
                      <br/>
                      <span>
                        <img src="skipped.png" width="3%"/>
                        <a href="#" panel-name="suite-EcommerceApp_Test_Suite" title="org.latiffsyed.tests.android.LoginFormValidationTest" class="method navigator-link" hash-for-method="FormLogin_ErrorValidationTest">FormLogin_ErrorValidationTest</a> <!-- method navigator-link -->
                      </span>
                      <br/>
                      <span>
                        <img src="skipped.png" width="3%"/>
                        <a href="#" panel-name="suite-EcommerceApp_Test_Suite" title="org.latiffsyed.tests.android.LoginFormValidationTest" class="method navigator-link" hash-for-method="FormLogin_PositiveFlowTest">FormLogin_PositiveFlowTest</a> <!-- method navigator-link -->
                      </span>
                      <br/>
                      <span>
                        <img src="skipped.png" width="3%"/>
                        <a href="#" panel-name="suite-EcommerceApp_Test_Suite" title="org.latiffsyed.tests.android.LoginFormValidationTest" class="method navigator-link" hash-for-method="FormLogin_PositiveFlowTest">FormLogin_PositiveFlowTest</a> <!-- method navigator-link -->
                      </span>
                      <br/>
                      <span>
                        <img src="skipped.png" width="3%"/>
                        <a href="#" panel-name="suite-EcommerceApp_Test_Suite" title="org.latiffsyed.tests.android.LoginFormValidationTest" class="method navigator-link" hash-for-method="FormLogin_PositiveFlowTest">FormLogin_PositiveFlowTest</a> <!-- method navigator-link -->
                      </span>
                      <br/>
                      <span>
                        <img src="skipped.png" width="3%"/>
                        <a href="#" panel-name="suite-EcommerceApp_Test_Suite" title="org.latiffsyed.tests.iOS.AlertViewMessageValidationTest" class="method navigator-link" hash-for-method="ValidateiOSAlertMessageTest">ValidateiOSAlertMessageTest</a> <!-- method navigator-link -->
                      </span>
                      <br/>
                      <span>
                        <img src="skipped.png" width="3%"/>
                        <a href="#" panel-name="suite-EcommerceApp_Test_Suite" title="org.latiffsyed.tests.iOS.AlertViewMessageValidationTest" class="method navigator-link" hash-for-method="ValidateiOSAlertMessageTest">ValidateiOSAlertMessageTest</a> <!-- method navigator-link -->
                      </span>
                      <br/>
                      <span>
                        <img src="skipped.png" width="3%"/>
                        <a href="#" panel-name="suite-EcommerceApp_Test_Suite" title="org.latiffsyed.tests.iOS.AlertViewMessageValidationTest" class="method navigator-link" hash-for-method="ValidateiOSAlertMessageTest">ValidateiOSAlertMessageTest</a> <!-- method navigator-link -->
                      </span>
                      <br/>
                    </div> <!-- method-list-content skipped suite-EcommerceApp_Test_Suite -->
                  </li>
                </ul>
              </div> <!-- suite-section-content -->
            </div> <!-- result-section -->
          </div> <!-- navigator-suite-content -->
        </div> <!-- rounded-window -->
      </div> <!-- suite -->
    </div> <!-- navigator-root -->
    <div class="wrapper">
      <div class="main-panel-root">
        <div panel-name="suite-EcommerceApp_Test_Suite" class="panel EcommerceApp_Test_Suite">
          <div class="suite-EcommerceApp_Test_Suite-class-skipped">
            <div class="main-panel-header rounded-window-top">
              <img src="skipped.png"/>
              <span class="class-name">org.latiffsyed.tests.android.LoginFormValidationTest</span>
            </div> <!-- main-panel-header rounded-window-top -->
            <div class="main-panel-content rounded-window-bottom">
              <div class="method">
                <div class="method-content">
                  <a name="FormLogin_ErrorValidationFailedTest">
                  </a> <!-- FormLogin_ErrorValidationFailedTest -->
                  <span class="method-name">FormLogin_ErrorValidationFailedTest</span>
                  <div class="stack-trace">java.net.MalformedURLException: no protocol: 
	at java.base/java.net.URL.&lt;init&gt;(URL.java:772)
	at java.base/java.net.URL.&lt;init&gt;(URL.java:654)
	at java.base/java.net.URL.&lt;init&gt;(URL.java:590)
	at org.openqa.selenium.remote.RemoteWebDriver.&lt;init&gt;(RemoteWebDriver.java)
	at io.appium.java_client.AppiumDriver.&lt;init&gt;(AppiumDriver.java:101)
	at io.appium.java_client.AppiumDriver.&lt;init&gt;(AppiumDriver.java:113)
	at io.appium.java_client.android.AndroidDriver.&lt;init&gt;(AndroidDriver.java:109)
	at org.latiffsyed.testUtils.AndroidBaseTest.configureAppium(AndroidBaseTest.java:61)
	at java.base/java.util.ArrayList.forEach(ArrayList.java:1596)
	at java.base/java.util.concurrent.FutureTask.run(FutureTask.java:317)
	at java.base/java.util.concurrent.ThreadPoolExecutor.runWorker(ThreadPoolExecutor.java:1144)
	at java.base/java.util.concurrent.ThreadPoolExecutor$Worker.run(ThreadPoolExecutor.java:642)
	at java.base/java.lang.Thread.run(Thread.java:1583)
... Removed 13 stack frames
</div> <!-- stack-trace -->
                </div> <!-- method-content -->
              </div> <!-- method -->
              <div class="method">
                <div class="method-content">
                  <a name="FormLogin_ErrorValidationFailedTest">
                  </a> <!-- FormLogin_ErrorValidationFailedTest -->
                  <span class="method-name">FormLogin_ErrorValidationFailedTest</span>
                  <div class="stack-trace">java.net.MalformedURLException: no protocol: 
	at java.base/java.net.URL.&lt;init&gt;(URL.java:772)
	at java.base/java.net.URL.&lt;init&gt;(URL.java:654)
	at java.base/java.net.URL.&lt;init&gt;(URL.java:590)
	at org.openqa.selenium.remote.RemoteWebDriver.&lt;init&gt;(RemoteWebDriver.java)
	at io.appium.java_client.AppiumDriver.&lt;init&gt;(AppiumDriver.java:101)
	at io.appium.java_client.AppiumDriver.&lt;init&gt;(AppiumDriver.java:113)
	at io.appium.java_client.android.AndroidDriver.&lt;init&gt;(AndroidDriver.java:109)
	at org.latiffsyed.testUtils.AndroidBaseTest.configureAppium(AndroidBaseTest.java:61)
	at java.base/java.util.ArrayList.forEach(ArrayList.java:1596)
	at java.base/java.util.concurrent.FutureTask.run(FutureTask.java:317)
	at java.base/java.util.concurrent.ThreadPoolExecutor.runWorker(ThreadPoolExecutor.java:1144)
	at java.base/java.util.concurrent.ThreadPoolExecutor$Worker.run(ThreadPoolExecutor.java:642)
	at java.base/java.lang.Thread.run(Thread.java:1583)
... Removed 13 stack frames
</div> <!-- stack-trace -->
                </div> <!-- method-content -->
              </div> <!-- method -->
              <div class="method">
                <div class="method-content">
                  <a name="FormLogin_ErrorValidationFailedTest">
                  </a> <!-- FormLogin_ErrorValidationFailedTest -->
                  <span class="method-name">FormLogin_ErrorValidationFailedTest</span>
                  <div class="stack-trace">java.net.MalformedURLException: no protocol: 
	at java.base/java.net.URL.&lt;init&gt;(URL.java:772)
	at java.base/java.net.URL.&lt;init&gt;(URL.java:654)
	at java.base/java.net.URL.&lt;init&gt;(URL.java:590)
	at org.openqa.selenium.remote.RemoteWebDriver.&lt;init&gt;(RemoteWebDriver.java)
	at io.appium.java_client.AppiumDriver.&lt;init&gt;(AppiumDriver.java:101)
	at io.appium.java_client.AppiumDriver.&lt;init&gt;(AppiumDriver.java:113)
	at io.appium.java_client.android.AndroidDriver.&lt;init&gt;(AndroidDriver.java:109)
	at org.latiffsyed.testUtils.AndroidBaseTest.configureAppium(AndroidBaseTest.java:61)
	at java.base/java.util.ArrayList.forEach(ArrayList.java:1596)
	at java.base/java.util.concurrent.FutureTask.run(FutureTask.java:317)
	at java.base/java.util.concurrent.ThreadPoolExecutor.runWorker(ThreadPoolExecutor.java:1144)
	at java.base/java.util.concurrent.ThreadPoolExecutor$Worker.run(ThreadPoolExecutor.java:642)
	at java.base/java.lang.Thread.run(Thread.java:1583)
... Removed 13 stack frames
</div> <!-- stack-trace -->
                </div> <!-- method-content -->
              </div> <!-- method -->
              <div class="method">
                <div class="method-content">
                  <a name="FormLogin_ErrorValidationTest">
                  </a> <!-- FormLogin_ErrorValidationTest -->
                  <span class="method-name">FormLogin_ErrorValidationTest</span>
                  <div class="stack-trace">java.net.MalformedURLException: no protocol: 
	at java.base/java.net.URL.&lt;init&gt;(URL.java:772)
	at java.base/java.net.URL.&lt;init&gt;(URL.java:654)
	at java.base/java.net.URL.&lt;init&gt;(URL.java:590)
	at org.openqa.selenium.remote.RemoteWebDriver.&lt;init&gt;(RemoteWebDriver.java)
	at io.appium.java_client.AppiumDriver.&lt;init&gt;(AppiumDriver.java:101)
	at io.appium.java_client.AppiumDriver.&lt;init&gt;(AppiumDriver.java:113)
	at io.appium.java_client.android.AndroidDriver.&lt;init&gt;(AndroidDriver.java:109)
	at org.latiffsyed.testUtils.AndroidBaseTest.configureAppium(AndroidBaseTest.java:61)
	at java.base/java.util.ArrayList.forEach(ArrayList.java:1596)
	at java.base/java.util.concurrent.FutureTask.run(FutureTask.java:317)
	at java.base/java.util.concurrent.ThreadPoolExecutor.runWorker(ThreadPoolExecutor.java:1144)
	at java.base/java.util.concurrent.ThreadPoolExecutor$Worker.run(ThreadPoolExecutor.java:642)
	at java.base/java.lang.Thread.run(Thread.java:1583)
... Removed 13 stack frames
</div> <!-- stack-trace -->
                </div> <!-- method-content -->
              </div> <!-- method -->
              <div class="method">
                <div class="method-content">
                  <a name="FormLogin_ErrorValidationTest">
                  </a> <!-- FormLogin_ErrorValidationTest -->
                  <span class="method-name">FormLogin_ErrorValidationTest</span>
                  <div class="stack-trace">java.net.MalformedURLException: no protocol: 
	at java.base/java.net.URL.&lt;init&gt;(URL.java:772)
	at java.base/java.net.URL.&lt;init&gt;(URL.java:654)
	at java.base/java.net.URL.&lt;init&gt;(URL.java:590)
	at org.openqa.selenium.remote.RemoteWebDriver.&lt;init&gt;(RemoteWebDriver.java)
	at io.appium.java_client.AppiumDriver.&lt;init&gt;(AppiumDriver.java:101)
	at io.appium.java_client.AppiumDriver.&lt;init&gt;(AppiumDriver.java:113)
	at io.appium.java_client.android.AndroidDriver.&lt;init&gt;(AndroidDriver.java:109)
	at org.latiffsyed.testUtils.AndroidBaseTest.configureAppium(AndroidBaseTest.java:61)
	at java.base/java.util.ArrayList.forEach(ArrayList.java:1596)
	at java.base/java.util.concurrent.FutureTask.run(FutureTask.java:317)
	at java.base/java.util.concurrent.ThreadPoolExecutor.runWorker(ThreadPoolExecutor.java:1144)
	at java.base/java.util.concurrent.ThreadPoolExecutor$Worker.run(ThreadPoolExecutor.java:642)
	at java.base/java.lang.Thread.run(Thread.java:1583)
... Removed 13 stack frames
</div> <!-- stack-trace -->
                </div> <!-- method-content -->
              </div> <!-- method -->
              <div class="method">
                <div class="method-content">
                  <a name="FormLogin_ErrorValidationTest">
                  </a> <!-- FormLogin_ErrorValidationTest -->
                  <span class="method-name">FormLogin_ErrorValidationTest</span>
                  <div class="stack-trace">java.net.MalformedURLException: no protocol: 
	at java.base/java.net.URL.&lt;init&gt;(URL.java:772)
	at java.base/java.net.URL.&lt;init&gt;(URL.java:654)
	at java.base/java.net.URL.&lt;init&gt;(URL.java:590)
	at org.openqa.selenium.remote.RemoteWebDriver.&lt;init&gt;(RemoteWebDriver.java)
	at io.appium.java_client.AppiumDriver.&lt;init&gt;(AppiumDriver.java:101)
	at io.appium.java_client.AppiumDriver.&lt;init&gt;(AppiumDriver.java:113)
	at io.appium.java_client.android.AndroidDriver.&lt;init&gt;(AndroidDriver.java:109)
	at org.latiffsyed.testUtils.AndroidBaseTest.configureAppium(AndroidBaseTest.java:61)
	at java.base/java.util.ArrayList.forEach(ArrayList.java:1596)
	at java.base/java.util.concurrent.FutureTask.run(FutureTask.java:317)
	at java.base/java.util.concurrent.ThreadPoolExecutor.runWorker(ThreadPoolExecutor.java:1144)
	at java.base/java.util.concurrent.ThreadPoolExecutor$Worker.run(ThreadPoolExecutor.java:642)
	at java.base/java.lang.Thread.run(Thread.java:1583)
... Removed 13 stack frames
</div> <!-- stack-trace -->
                </div> <!-- method-content -->
              </div> <!-- method -->
              <div class="method">
                <div class="method-content">
                  <a name="FormLogin_PositiveFlowTest">
                  </a> <!-- FormLogin_PositiveFlowTest -->
                  <span class="method-name">FormLogin_PositiveFlowTest</span>
                  <div class="stack-trace">java.net.MalformedURLException: no protocol: 
	at java.base/java.net.URL.&lt;init&gt;(URL.java:772)
	at java.base/java.net.URL.&lt;init&gt;(URL.java:654)
	at java.base/java.net.URL.&lt;init&gt;(URL.java:590)
	at org.openqa.selenium.remote.RemoteWebDriver.&lt;init&gt;(RemoteWebDriver.java)
	at io.appium.java_client.AppiumDriver.&lt;init&gt;(AppiumDriver.java:101)
	at io.appium.java_client.AppiumDriver.&lt;init&gt;(AppiumDriver.java:113)
	at io.appium.java_client.android.AndroidDriver.&lt;init&gt;(AndroidDriver.java:109)
	at org.latiffsyed.testUtils.AndroidBaseTest.configureAppium(AndroidBaseTest.java:61)
	at java.base/java.util.ArrayList.forEach(ArrayList.java:1596)
	at java.base/java.util.concurrent.FutureTask.run(FutureTask.java:317)
	at java.base/java.util.concurrent.ThreadPoolExecutor.runWorker(ThreadPoolExecutor.java:1144)
	at java.base/java.util.concurrent.ThreadPoolExecutor$Worker.run(ThreadPoolExecutor.java:642)
	at java.base/java.lang.Thread.run(Thread.java:1583)
... Removed 13 stack frames
</div> <!-- stack-trace -->
                </div> <!-- method-content -->
              </div> <!-- method -->
              <div class="method">
                <div class="method-content">
                  <a name="FormLogin_PositiveFlowTest">
                  </a> <!-- FormLogin_PositiveFlowTest -->
                  <span class="method-name">FormLogin_PositiveFlowTest</span>
                  <div class="stack-trace">java.net.MalformedURLException: no protocol: 
	at java.base/java.net.URL.&lt;init&gt;(URL.java:772)
	at java.base/java.net.URL.&lt;init&gt;(URL.java:654)
	at java.base/java.net.URL.&lt;init&gt;(URL.java:590)
	at org.openqa.selenium.remote.RemoteWebDriver.&lt;init&gt;(RemoteWebDriver.java)
	at io.appium.java_client.AppiumDriver.&lt;init&gt;(AppiumDriver.java:101)
	at io.appium.java_client.AppiumDriver.&lt;init&gt;(AppiumDriver.java:113)
	at io.appium.java_client.android.AndroidDriver.&lt;init&gt;(AndroidDriver.java:109)
	at org.latiffsyed.testUtils.AndroidBaseTest.configureAppium(AndroidBaseTest.java:61)
	at java.base/java.util.ArrayList.forEach(ArrayList.java:1596)
	at java.base/java.util.concurrent.FutureTask.run(FutureTask.java:317)
	at java.base/java.util.concurrent.ThreadPoolExecutor.runWorker(ThreadPoolExecutor.java:1144)
	at java.base/java.util.concurrent.ThreadPoolExecutor$Worker.run(ThreadPoolExecutor.java:642)
	at java.base/java.lang.Thread.run(Thread.java:1583)
... Removed 13 stack frames
</div> <!-- stack-trace -->
                </div> <!-- method-content -->
              </div> <!-- method -->
              <div class="method">
                <div class="method-content">
                  <a name="FormLogin_PositiveFlowTest">
                  </a> <!-- FormLogin_PositiveFlowTest -->
                  <span class="method-name">FormLogin_PositiveFlowTest</span>
                  <div class="stack-trace">java.net.MalformedURLException: no protocol: 
	at java.base/java.net.URL.&lt;init&gt;(URL.java:772)
	at java.base/java.net.URL.&lt;init&gt;(URL.java:654)
	at java.base/java.net.URL.&lt;init&gt;(URL.java:590)
	at org.openqa.selenium.remote.RemoteWebDriver.&lt;init&gt;(RemoteWebDriver.java)
	at io.appium.java_client.AppiumDriver.&lt;init&gt;(AppiumDriver.java:101)
	at io.appium.java_client.AppiumDriver.&lt;init&gt;(AppiumDriver.java:113)
	at io.appium.java_client.android.AndroidDriver.&lt;init&gt;(AndroidDriver.java:109)
	at org.latiffsyed.testUtils.AndroidBaseTest.configureAppium(AndroidBaseTest.java:61)
	at java.base/java.util.ArrayList.forEach(ArrayList.java:1596)
	at java.base/java.util.concurrent.FutureTask.run(FutureTask.java:317)
	at java.base/java.util.concurrent.ThreadPoolExecutor.runWorker(ThreadPoolExecutor.java:1144)
	at java.base/java.util.concurrent.ThreadPoolExecutor$Worker.run(ThreadPoolExecutor.java:642)
	at java.base/java.lang.Thread.run(Thread.java:1583)
... Removed 13 stack frames
</div> <!-- stack-trace -->
                </div> <!-- method-content -->
              </div> <!-- method -->
            </div> <!-- main-panel-content rounded-window-bottom -->
          </div> <!-- suite-EcommerceApp_Test_Suite-class-skipped -->
          <div class="suite-EcommerceApp_Test_Suite-class-skipped">
            <div class="main-panel-header rounded-window-top">
              <img src="skipped.png"/>
              <span class="class-name">org.latiffsyed.tests.iOS.AlertViewMessageValidationTest</span>
            </div> <!-- main-panel-header rounded-window-top -->
            <div class="main-panel-content rounded-window-bottom">
              <div class="method">
                <div class="method-content">
                  <a name="ValidateiOSAlertMessageTest">
                  </a> <!-- ValidateiOSAlertMessageTest -->
                  <span class="method-name">ValidateiOSAlertMessageTest</span>
                  <div class="stack-trace">java.net.MalformedURLException: no protocol: 
	at java.base/java.net.URL.&lt;init&gt;(URL.java:772)
	at java.base/java.net.URL.&lt;init&gt;(URL.java:654)
	at java.base/java.net.URL.&lt;init&gt;(URL.java:590)
	at org.openqa.selenium.remote.RemoteWebDriver.&lt;init&gt;(RemoteWebDriver.java)
	at io.appium.java_client.AppiumDriver.&lt;init&gt;(AppiumDriver.java:101)
	at io.appium.java_client.AppiumDriver.&lt;init&gt;(AppiumDriver.java:113)
	at io.appium.java_client.ios.IOSDriver.&lt;init&gt;(IOSDriver.java:101)
	at org.latiffsyed.testUtils.IOSBaseTest.configureAppium(IOSBaseTest.java:61)
	at java.base/java.util.ArrayList.forEach(ArrayList.java:1596)
	at java.base/java.util.concurrent.FutureTask.run(FutureTask.java:317)
	at java.base/java.util.concurrent.ThreadPoolExecutor.runWorker(ThreadPoolExecutor.java:1144)
	at java.base/java.util.concurrent.ThreadPoolExecutor$Worker.run(ThreadPoolExecutor.java:642)
	at java.base/java.lang.Thread.run(Thread.java:1583)
... Removed 13 stack frames
</div> <!-- stack-trace -->
                </div> <!-- method-content -->
              </div> <!-- method -->
              <div class="method">
                <div class="method-content">
                  <a name="ValidateiOSAlertMessageTest">
                  </a> <!-- ValidateiOSAlertMessageTest -->
                  <span class="method-name">ValidateiOSAlertMessageTest</span>
                  <div class="stack-trace">java.net.MalformedURLException: no protocol: 
	at java.base/java.net.URL.&lt;init&gt;(URL.java:772)
	at java.base/java.net.URL.&lt;init&gt;(URL.java:654)
	at java.base/java.net.URL.&lt;init&gt;(URL.java:590)
	at org.openqa.selenium.remote.RemoteWebDriver.&lt;init&gt;(RemoteWebDriver.java)
	at io.appium.java_client.AppiumDriver.&lt;init&gt;(AppiumDriver.java:101)
	at io.appium.java_client.AppiumDriver.&lt;init&gt;(AppiumDriver.java:113)
	at io.appium.java_client.ios.IOSDriver.&lt;init&gt;(IOSDriver.java:101)
	at org.latiffsyed.testUtils.IOSBaseTest.configureAppium(IOSBaseTest.java:61)
	at java.base/java.util.ArrayList.forEach(ArrayList.java:1596)
	at java.base/java.util.concurrent.FutureTask.run(FutureTask.java:317)
	at java.base/java.util.concurrent.ThreadPoolExecutor.runWorker(ThreadPoolExecutor.java:1144)
	at java.base/java.util.concurrent.ThreadPoolExecutor$Worker.run(ThreadPoolExecutor.java:642)
	at java.base/java.lang.Thread.run(Thread.java:1583)
... Removed 13 stack frames
</div> <!-- stack-trace -->
                </div> <!-- method-content -->
              </div> <!-- method -->
              <div class="method">
                <div class="method-content">
                  <a name="ValidateiOSAlertMessageTest">
                  </a> <!-- ValidateiOSAlertMessageTest -->
                  <span class="method-name">ValidateiOSAlertMessageTest</span>
                  <div class="stack-trace">java.net.MalformedURLException: no protocol: 
	at java.base/java.net.URL.&lt;init&gt;(URL.java:772)
	at java.base/java.net.URL.&lt;init&gt;(URL.java:654)
	at java.base/java.net.URL.&lt;init&gt;(URL.java:590)
	at org.openqa.selenium.remote.RemoteWebDriver.&lt;init&gt;(RemoteWebDriver.java)
	at io.appium.java_client.AppiumDriver.&lt;init&gt;(AppiumDriver.java:101)
	at io.appium.java_client.AppiumDriver.&lt;init&gt;(AppiumDriver.java:113)
	at io.appium.java_client.ios.IOSDriver.&lt;init&gt;(IOSDriver.java:101)
	at org.latiffsyed.testUtils.IOSBaseTest.configureAppium(IOSBaseTest.java:61)
	at java.base/java.util.ArrayList.forEach(ArrayList.java:1596)
	at java.base/java.util.concurrent.FutureTask.run(FutureTask.java:317)
	at java.base/java.util.concurrent.ThreadPoolExecutor.runWorker(ThreadPoolExecutor.java:1144)
	at java.base/java.util.concurrent.ThreadPoolExecutor$Worker.run(ThreadPoolExecutor.java:642)
	at java.base/java.lang.Thread.run(Thread.java:1583)
... Removed 13 stack frames
</div> <!-- stack-trace -->
                </div> <!-- method-content -->
              </div> <!-- method -->
            </div> <!-- main-panel-content rounded-window-bottom -->
          </div> <!-- suite-EcommerceApp_Test_Suite-class-skipped -->
          <div class="suite-EcommerceApp_Test_Suite-class-skipped">
            <div class="main-panel-header rounded-window-top">
              <img src="skipped.png"/>
              <span class="class-name">org.latiffsyed.tests.android.PurchaseOrderFlowTest</span>
            </div> <!-- main-panel-header rounded-window-top -->
            <div class="main-panel-content rounded-window-bottom">
              <div class="method">
                <div class="method-content">
                  <a name="EndToEndOrderFlowTest({gender=Female, name=Nadu Syed, country=Australia})">
                  </a> <!-- EndToEndOrderFlowTest({gender=Female, name=Nadu Syed, country=Australia}) -->
                  <span class="method-name">EndToEndOrderFlowTest</span>
                  <span class="parameters">({gender=Female, name=Nadu Syed, country=Australia})</span>
                  <div class="stack-trace">io.appium.java_client.service.local.AppiumServerHasNotBeenStartedLocallyException: Appium HTTP server is not listening at http://127.0.0.1:4723/ after 20000 ms timeout. Consider increasing the server startup timeout value and check the server log for possible error messages occurrences.
Node.js executable path: /usr/local/bin/node
Arguments: [/usr/local/lib/node_modules/appium/build/lib/main.js, --port, 4723, --address, 127.0.0.1]
Server log: [38;5;112m[Appium][0m Welcome to Appium v2.19.0
[38;5;112m[Appium][0m Non-default server args:
[38;5;112m[Appium][0m { address: [32m&apos;127.0.0.1&apos;[39m }
[38;5;112m[Appium][0m The autodetected Appium home path: /Users/administrator/.appium
[38;5;112m[Appium][0m Attempting to load driver uiautomator2...
[38;5;112m[Appium][0m Attempting to load driver xcuitest...
[38;5;112m[Appium][0m Requiring driver at /Users/administrator/.appium/node_modules/appium-xcuitest-driver/build/index.js
[38;5;112m[Appium][0m Requiring driver at /Users/administrator/.appium/node_modules/appium-uiautomator2-driver/build/index.js
[38;5;112m[Appium][0m XCUITestDriver has been successfully loaded in 0.491s
[38;5;112m[Appium][0m AndroidUiautomator2Driver has been successfully loaded in 0.923s
[38;5;86m[HTTP][0m Could not start REST http interface listener. The requested port may already be in use. Please make sure there is no other instance of this server running already.
[38;5;112m[Appium][0m Could not configure Appium server. It&apos;s possible that a driver or plugin tried to update the server and failed. Original error: listen EADDRINUSE: address already in use 127.0.0.1:4723
[38;5;112m[Appium][0m Error: listen EADDRINUSE: address already in use 127.0.0.1:4723
    at Server.setupListenHandle [as _listen2] (node:net:1939:16)
    at listenInCluster (node:net:1996:12)
    at node:net:2205:7
    at processTicksAndRejections (node:internal/process/task_queues:90:21)

	at io.appium.java_client.service.local.AppiumDriverLocalService.start(AppiumDriverLocalService.java:192)
	at org.latiffsyed.core.utils.AppiumUtils.startAppiumServer(AppiumUtils.java:35)
	at org.latiffsyed.testUtils.AndroidBaseTest.configureAppium(AndroidBaseTest.java:52)
	at java.base/java.util.ArrayList.forEach(ArrayList.java:1596)
	at java.base/java.util.concurrent.FutureTask.run(FutureTask.java:317)
	at java.base/java.util.concurrent.ThreadPoolExecutor.runWorker(ThreadPoolExecutor.java:1144)
	at java.base/java.util.concurrent.ThreadPoolExecutor$Worker.run(ThreadPoolExecutor.java:642)
	at java.base/java.lang.Thread.run(Thread.java:1583)
Caused by: io.appium.java_client.service.local.AppiumServerAvailabilityChecker$ConnectionTimeout: ConnectionTimeout
	at io.appium.java_client.service.local.AppiumServerAvailabilityChecker.waitUntilAvailable(AppiumServerAvailabilityChecker.java:72)
	at io.appium.java_client.service.local.AppiumDriverLocalService.ping(AppiumDriverLocalService.java:144)
	at io.appium.java_client.service.local.AppiumDriverLocalService.start(AppiumDriverLocalService.java:185)
	... 20 more
Caused by: java.net.ConnectException: Connection refused
	at java.base/sun.nio.ch.Net.pollConnect(Native Method)
	at java.base/sun.nio.ch.Net.pollConnectNow(Net.java:682)
	at java.base/sun.nio.ch.NioSocketImpl.timedFinishConnect(NioSocketImpl.java:549)
	at java.base/sun.nio.ch.NioSocketImpl.connect(NioSocketImpl.java:592)
	at java.base/java.net.Socket.connect(Socket.java:751)
	at java.base/sun.net.NetworkClient.doConnect(NetworkClient.java:178)
	at java.base/sun.net.www.http.HttpClient.openServer(HttpClient.java:531)
	at java.base/sun.net.www.http.HttpClient.openServer(HttpClient.java:636)
	at java.base/sun.net.www.http.HttpClient.&lt;init&gt;(HttpClient.java:280)
	at java.base/sun.net.www.http.HttpClient.New(HttpClient.java:386)
	at java.base/sun.net.www.http.HttpClient.New(HttpClient.java:408)
	at java.base/sun.net.www.protocol.http.HttpURLConnection.getNewHttpClient(HttpURLConnection.java:1319)
	at java.base/sun.net.www.protocol.http.HttpURLConnection.plainConnect0(HttpURLConnection.java:1252)
	at java.base/sun.net.www.protocol.http.HttpURLConnection.plainConnect(HttpURLConnection.java:1138)
	at java.base/sun.net.www.protocol.http.HttpURLConnection.connect(HttpURLConnection.java:1067)
	at io.appium.java_client.service.local.AppiumServerAvailabilityChecker.connectToUrl(AppiumServerAvailabilityChecker.java:79)
	at io.appium.java_client.service.local.AppiumServerAvailabilityChecker.waitUntilAvailable(AppiumServerAvailabilityChecker.java:61)
	... 22 more
... Removed 13 stack frames
</div> <!-- stack-trace -->
                </div> <!-- method-content -->
              </div> <!-- method -->
              <div class="method">
                <div class="method-content">
                  <a name="EndToEndOrderFlowTest({gender=Female, name=Nadu Syed, country=Australia})">
                  </a> <!-- EndToEndOrderFlowTest({gender=Female, name=Nadu Syed, country=Australia}) -->
                  <span class="method-name">EndToEndOrderFlowTest</span>
                  <span class="parameters">({gender=Female, name=Nadu Syed, country=Australia})</span>
                  <div class="stack-trace">java.lang.NullPointerException: Cannot invoke &quot;org.latiffsyed.pageobjects.android.FormPage.setActivity()&quot; because &quot;this.formPage&quot; is null
	at org.latiffsyed.tests.android.PurchaseOrderFlowTest.preSetup(PurchaseOrderFlowTest.java:66)
	at java.base/java.util.ArrayList.forEach(ArrayList.java:1596)
	at java.base/java.util.concurrent.FutureTask.run(FutureTask.java:317)
	at java.base/java.util.concurrent.ThreadPoolExecutor.runWorker(ThreadPoolExecutor.java:1144)
	at java.base/java.util.concurrent.ThreadPoolExecutor$Worker.run(ThreadPoolExecutor.java:642)
	at java.base/java.lang.Thread.run(Thread.java:1583)
... Removed 19 stack frames
</div> <!-- stack-trace -->
                </div> <!-- method-content -->
              </div> <!-- method -->
              <div class="method">
                <div class="method-content">
                  <a name="EndToEndOrderFlowTest({gender=Female, name=Nadu Syed, country=Australia})">
                  </a> <!-- EndToEndOrderFlowTest({gender=Female, name=Nadu Syed, country=Australia}) -->
                  <span class="method-name">EndToEndOrderFlowTest</span>
                  <span class="parameters">({gender=Female, name=Nadu Syed, country=Australia})</span>
                  <div class="stack-trace">io.appium.java_client.service.local.AppiumServerHasNotBeenStartedLocallyException: Appium HTTP server is not listening at http://127.0.0.1:4723/ after 20000 ms timeout. Consider increasing the server startup timeout value and check the server log for possible error messages occurrences.
Node.js executable path: /usr/local/bin/node
Arguments: [/usr/local/lib/node_modules/appium/build/lib/main.js, --port, 4723, --address, 127.0.0.1]
Server log: [38;5;112m[Appium][0m Welcome to Appium v2.19.0
[38;5;112m[Appium][0m Non-default server args:
[38;5;112m[Appium][0m { address: [32m&apos;127.0.0.1&apos;[39m }
[38;5;112m[Appium][0m The autodetected Appium home path: /Users/administrator/.appium
[38;5;112m[Appium][0m Attempting to load driver uiautomator2...
[38;5;112m[Appium][0m Attempting to load driver xcuitest...
[38;5;112m[Appium][0m Requiring driver at /Users/administrator/.appium/node_modules/appium-xcuitest-driver/build/index.js
[38;5;112m[Appium][0m Requiring driver at /Users/administrator/.appium/node_modules/appium-uiautomator2-driver/build/index.js
[38;5;112m[Appium][0m XCUITestDriver has been successfully loaded in 0.491s
[38;5;112m[Appium][0m AndroidUiautomator2Driver has been successfully loaded in 0.923s
[38;5;86m[HTTP][0m Could not start REST http interface listener. The requested port may already be in use. Please make sure there is no other instance of this server running already.
[38;5;112m[Appium][0m Could not configure Appium server. It&apos;s possible that a driver or plugin tried to update the server and failed. Original error: listen EADDRINUSE: address already in use 127.0.0.1:4723
[38;5;112m[Appium][0m Error: listen EADDRINUSE: address already in use 127.0.0.1:4723
    at Server.setupListenHandle [as _listen2] (node:net:1939:16)
    at listenInCluster (node:net:1996:12)
    at node:net:2205:7
    at processTicksAndRejections (node:internal/process/task_queues:90:21)

	at io.appium.java_client.service.local.AppiumDriverLocalService.start(AppiumDriverLocalService.java:192)
	at org.latiffsyed.core.utils.AppiumUtils.startAppiumServer(AppiumUtils.java:35)
	at org.latiffsyed.testUtils.AndroidBaseTest.configureAppium(AndroidBaseTest.java:52)
	at java.base/java.util.ArrayList.forEach(ArrayList.java:1596)
	at java.base/java.util.concurrent.FutureTask.run(FutureTask.java:317)
	at java.base/java.util.concurrent.ThreadPoolExecutor.runWorker(ThreadPoolExecutor.java:1144)
	at java.base/java.util.concurrent.ThreadPoolExecutor$Worker.run(ThreadPoolExecutor.java:642)
	at java.base/java.lang.Thread.run(Thread.java:1583)
Caused by: io.appium.java_client.service.local.AppiumServerAvailabilityChecker$ConnectionTimeout: ConnectionTimeout
	at io.appium.java_client.service.local.AppiumServerAvailabilityChecker.waitUntilAvailable(AppiumServerAvailabilityChecker.java:72)
	at io.appium.java_client.service.local.AppiumDriverLocalService.ping(AppiumDriverLocalService.java:144)
	at io.appium.java_client.service.local.AppiumDriverLocalService.start(AppiumDriverLocalService.java:185)
	... 20 more
Caused by: java.net.ConnectException: Connection refused
	at java.base/sun.nio.ch.Net.pollConnect(Native Method)
	at java.base/sun.nio.ch.Net.pollConnectNow(Net.java:682)
	at java.base/sun.nio.ch.NioSocketImpl.timedFinishConnect(NioSocketImpl.java:549)
	at java.base/sun.nio.ch.NioSocketImpl.connect(NioSocketImpl.java:592)
	at java.base/java.net.Socket.connect(Socket.java:751)
	at java.base/sun.net.NetworkClient.doConnect(NetworkClient.java:178)
	at java.base/sun.net.www.http.HttpClient.openServer(HttpClient.java:531)
	at java.base/sun.net.www.http.HttpClient.openServer(HttpClient.java:636)
	at java.base/sun.net.www.http.HttpClient.&lt;init&gt;(HttpClient.java:280)
	at java.base/sun.net.www.http.HttpClient.New(HttpClient.java:386)
	at java.base/sun.net.www.http.HttpClient.New(HttpClient.java:408)
	at java.base/sun.net.www.protocol.http.HttpURLConnection.getNewHttpClient(HttpURLConnection.java:1319)
	at java.base/sun.net.www.protocol.http.HttpURLConnection.plainConnect0(HttpURLConnection.java:1252)
	at java.base/sun.net.www.protocol.http.HttpURLConnection.plainConnect(HttpURLConnection.java:1138)
	at java.base/sun.net.www.protocol.http.HttpURLConnection.connect(HttpURLConnection.java:1067)
	at io.appium.java_client.service.local.AppiumServerAvailabilityChecker.connectToUrl(AppiumServerAvailabilityChecker.java:79)
	at io.appium.java_client.service.local.AppiumServerAvailabilityChecker.waitUntilAvailable(AppiumServerAvailabilityChecker.java:61)
	... 22 more
... Removed 13 stack frames
</div> <!-- stack-trace -->
                </div> <!-- method-content -->
              </div> <!-- method -->
            </div> <!-- main-panel-content rounded-window-bottom -->
          </div> <!-- suite-EcommerceApp_Test_Suite-class-skipped -->
        </div> <!-- panel EcommerceApp_Test_Suite -->
        <div panel-name="test-xml-EcommerceApp_Test_Suite" class="panel">
          <div class="main-panel-header rounded-window-top">
            <span class="header-content">/Users/administrator/eclipse-workspace/AppiumFrameworkCloud/testNGSuite/testng.xml</span>
          </div> <!-- main-panel-header rounded-window-top -->
          <div class="main-panel-content rounded-window-bottom">
            <pre>
&lt;?xml version=&quot;1.0&quot; encoding=&quot;UTF-8&quot;?&gt;
&lt;!DOCTYPE suite SYSTEM &quot;https://testng.org/testng-1.0.dtd&quot;&gt;
&lt;suite thread-count=&quot;3&quot; parallel=&quot;tests&quot; name=&quot;EcommerceApp Test Suite&quot; guice-stage=&quot;DEVELOPMENT&quot; verbose=&quot;0&quot;&gt;
  &lt;listeners&gt;
    &lt;listener class-name=&quot;org.latiffsyed.testUtils.Listeners&quot;/&gt;
  &lt;/listeners&gt;
  &lt;test thread-count=&quot;5&quot; name=&quot;E2E Purchase Flow Test-0&quot; verbose=&quot;0&quot;&gt;
    &lt;parameter name=&quot;platform&quot; value=&quot;0&quot;/&gt;
    &lt;classes&gt;
      &lt;class name=&quot;org.latiffsyed.tests.android.PurchaseOrderFlowTest&quot;/&gt;
    &lt;/classes&gt;
  &lt;/test&gt; &lt;!-- E2E Purchase Flow Test-0 --&gt;
  &lt;test thread-count=&quot;5&quot; name=&quot;E2E Purchase Flow Test-1&quot; verbose=&quot;0&quot;&gt;
    &lt;parameter name=&quot;platform&quot; value=&quot;1&quot;/&gt;
    &lt;classes&gt;
      &lt;class name=&quot;org.latiffsyed.tests.android.PurchaseOrderFlowTest&quot;/&gt;
    &lt;/classes&gt;
  &lt;/test&gt; &lt;!-- E2E Purchase Flow Test-1 --&gt;
  &lt;test thread-count=&quot;5&quot; name=&quot;E2E Purchase Flow Test-2&quot; verbose=&quot;0&quot;&gt;
    &lt;parameter name=&quot;platform&quot; value=&quot;2&quot;/&gt;
    &lt;classes&gt;
      &lt;class name=&quot;org.latiffsyed.tests.android.PurchaseOrderFlowTest&quot;/&gt;
    &lt;/classes&gt;
  &lt;/test&gt; &lt;!-- E2E Purchase Flow Test-2 --&gt;
  &lt;test thread-count=&quot;5&quot; name=&quot;Login Negative and Positive Tests-0&quot; verbose=&quot;0&quot;&gt;
    &lt;parameter name=&quot;platform&quot; value=&quot;0&quot;/&gt;
    &lt;classes&gt;
      &lt;class name=&quot;org.latiffsyed.tests.android.LoginFormValidationTest&quot;/&gt;
    &lt;/classes&gt;
  &lt;/test&gt; &lt;!-- Login Negative and Positive Tests-0 --&gt;
  &lt;test thread-count=&quot;5&quot; name=&quot;Login Negative and Positive Tests-1&quot; verbose=&quot;0&quot;&gt;
    &lt;parameter name=&quot;platform&quot; value=&quot;1&quot;/&gt;
    &lt;classes&gt;
      &lt;class name=&quot;org.latiffsyed.tests.android.LoginFormValidationTest&quot;/&gt;
    &lt;/classes&gt;
  &lt;/test&gt; &lt;!-- Login Negative and Positive Tests-1 --&gt;
  &lt;test thread-count=&quot;5&quot; name=&quot;Login Negative and Positive Tests-2&quot; verbose=&quot;0&quot;&gt;
    &lt;parameter name=&quot;platform&quot; value=&quot;2&quot;/&gt;
    &lt;classes&gt;
      &lt;class name=&quot;org.latiffsyed.tests.android.LoginFormValidationTest&quot;/&gt;
    &lt;/classes&gt;
  &lt;/test&gt; &lt;!-- Login Negative and Positive Tests-2 --&gt;
  &lt;test thread-count=&quot;5&quot; name=&quot; iOS Alert Handling Test-0&quot; verbose=&quot;0&quot;&gt;
    &lt;parameter name=&quot;platform&quot; value=&quot;0&quot;/&gt;
    &lt;classes&gt;
      &lt;class name=&quot;org.latiffsyed.tests.iOS.AlertViewMessageValidationTest&quot;/&gt;
    &lt;/classes&gt;
  &lt;/test&gt; &lt;!--  iOS Alert Handling Test-0 --&gt;
  &lt;test thread-count=&quot;5&quot; name=&quot; iOS Alert Handling Test-1&quot; verbose=&quot;0&quot;&gt;
    &lt;parameter name=&quot;platform&quot; value=&quot;1&quot;/&gt;
    &lt;classes&gt;
      &lt;class name=&quot;org.latiffsyed.tests.iOS.AlertViewMessageValidationTest&quot;/&gt;
    &lt;/classes&gt;
  &lt;/test&gt; &lt;!--  iOS Alert Handling Test-1 --&gt;
  &lt;test thread-count=&quot;5&quot; name=&quot; iOS Alert Handling Test-2&quot; verbose=&quot;0&quot;&gt;
    &lt;parameter name=&quot;platform&quot; value=&quot;2&quot;/&gt;
    &lt;classes&gt;
      &lt;class name=&quot;org.latiffsyed.tests.iOS.AlertViewMessageValidationTest&quot;/&gt;
    &lt;/classes&gt;
  &lt;/test&gt; &lt;!--  iOS Alert Handling Test-2 --&gt;
&lt;/suite&gt; &lt;!-- EcommerceApp Test Suite --&gt;
            </pre>
          </div> <!-- main-panel-content rounded-window-bottom -->
        </div> <!-- panel -->
        <div panel-name="testlist-EcommerceApp_Test_Suite" class="panel">
          <div class="main-panel-header rounded-window-top">
            <span class="header-content">Tests for EcommerceApp Test Suite</span>
          </div> <!-- main-panel-header rounded-window-top -->
          <div class="main-panel-content rounded-window-bottom">
            <ul>
              <li>
                <span class="test-name">E2E Purchase Flow Test-0 (1 class)</span>
              </li>
              <li>
                <span class="test-name">E2E Purchase Flow Test-1 (1 class)</span>
              </li>
              <li>
                <span class="test-name">E2E Purchase Flow Test-2 (1 class)</span>
              </li>
              <li>
                <span class="test-name">Login Negative and Positive Tests-0 (1 class)</span>
              </li>
              <li>
                <span class="test-name">Login Negative and Positive Tests-1 (1 class)</span>
              </li>
              <li>
                <span class="test-name">Login Negative and Positive Tests-2 (1 class)</span>
              </li>
              <li>
                <span class="test-name"> iOS Alert Handling Test-0 (1 class)</span>
              </li>
              <li>
                <span class="test-name"> iOS Alert Handling Test-1 (1 class)</span>
              </li>
              <li>
                <span class="test-name"> iOS Alert Handling Test-2 (1 class)</span>
              </li>
            </ul>
          </div> <!-- main-panel-content rounded-window-bottom -->
        </div> <!-- panel -->
        <div panel-name="group-EcommerceApp_Test_Suite" class="panel">
          <div class="main-panel-header rounded-window-top">
            <span class="header-content">Groups for EcommerceApp Test Suite</span>
          </div> <!-- main-panel-header rounded-window-top -->
          <div class="main-panel-content rounded-window-bottom">
            <div class="test-group">
              <span class="test-group-name">Smoke</span>
              <br/>
              <div class="method-in-group">
                <span class="method-in-group-name">EndToEndOrderFlowTest</span>
                <br/>
              </div> <!-- method-in-group -->
            </div> <!-- test-group -->
          </div> <!-- main-panel-content rounded-window-bottom -->
        </div> <!-- panel -->
        <div panel-name="times-EcommerceApp_Test_Suite" class="panel">
          <div class="main-panel-header rounded-window-top">
            <span class="header-content">Times for EcommerceApp Test Suite</span>
          </div> <!-- main-panel-header rounded-window-top -->
          <div class="main-panel-content rounded-window-bottom">
            <div class="times-div">
              <script type="text/javascript">
suiteTableInitFunctions.push('tableData_EcommerceApp_Test_Suite');
function tableData_EcommerceApp_Test_Suite() {
var data = new google.visualization.DataTable();
data.addColumn('number', 'Number');
data.addColumn('string', 'Method');
data.addColumn('string', 'Class');
data.addColumn('number', 'Time (ms)');
data.addRows(15);
data.setCell(0, 0, 0)
data.setCell(0, 1, 'EndToEndOrderFlowTest')
data.setCell(0, 2, 'org.latiffsyed.tests.android.PurchaseOrderFlowTest')
data.setCell(0, 3, 0);
data.setCell(1, 0, 1)
data.setCell(1, 1, 'EndToEndOrderFlowTest')
data.setCell(1, 2, 'org.latiffsyed.tests.android.PurchaseOrderFlowTest')
data.setCell(1, 3, 0);
data.setCell(2, 0, 2)
data.setCell(2, 1, 'EndToEndOrderFlowTest')
data.setCell(2, 2, 'org.latiffsyed.tests.android.PurchaseOrderFlowTest')
data.setCell(2, 3, 0);
data.setCell(3, 0, 3)
data.setCell(3, 1, 'FormLogin_PositiveFlowTest')
data.setCell(3, 2, 'org.latiffsyed.tests.android.LoginFormValidationTest')
data.setCell(3, 3, 0);
data.setCell(4, 0, 4)
data.setCell(4, 1, 'FormLogin_ErrorValidationFailedTest')
data.setCell(4, 2, 'org.latiffsyed.tests.android.LoginFormValidationTest')
data.setCell(4, 3, 0);
data.setCell(5, 0, 5)
data.setCell(5, 1, 'FormLogin_ErrorValidationTest')
data.setCell(5, 2, 'org.latiffsyed.tests.android.LoginFormValidationTest')
data.setCell(5, 3, 0);
data.setCell(6, 0, 6)
data.setCell(6, 1, 'FormLogin_ErrorValidationFailedTest')
data.setCell(6, 2, 'org.latiffsyed.tests.android.LoginFormValidationTest')
data.setCell(6, 3, 0);
data.setCell(7, 0, 7)
data.setCell(7, 1, 'FormLogin_PositiveFlowTest')
data.setCell(7, 2, 'org.latiffsyed.tests.android.LoginFormValidationTest')
data.setCell(7, 3, 0);
data.setCell(8, 0, 8)
data.setCell(8, 1, 'FormLogin_ErrorValidationTest')
data.setCell(8, 2, 'org.latiffsyed.tests.android.LoginFormValidationTest')
data.setCell(8, 3, 0);
data.setCell(9, 0, 9)
data.setCell(9, 1, 'FormLogin_PositiveFlowTest')
data.setCell(9, 2, 'org.latiffsyed.tests.android.LoginFormValidationTest')
data.setCell(9, 3, 0);
data.setCell(10, 0, 10)
data.setCell(10, 1, 'FormLogin_ErrorValidationFailedTest')
data.setCell(10, 2, 'org.latiffsyed.tests.android.LoginFormValidationTest')
data.setCell(10, 3, 0);
data.setCell(11, 0, 11)
data.setCell(11, 1, 'FormLogin_ErrorValidationTest')
data.setCell(11, 2, 'org.latiffsyed.tests.android.LoginFormValidationTest')
data.setCell(11, 3, 0);
data.setCell(12, 0, 12)
data.setCell(12, 1, 'ValidateiOSAlertMessageTest')
data.setCell(12, 2, 'org.latiffsyed.tests.iOS.AlertViewMessageValidationTest')
data.setCell(12, 3, 0);
data.setCell(13, 0, 13)
data.setCell(13, 1, 'ValidateiOSAlertMessageTest')
data.setCell(13, 2, 'org.latiffsyed.tests.iOS.AlertViewMessageValidationTest')
data.setCell(13, 3, 0);
data.setCell(14, 0, 14)
data.setCell(14, 1, 'ValidateiOSAlertMessageTest')
data.setCell(14, 2, 'org.latiffsyed.tests.iOS.AlertViewMessageValidationTest')
data.setCell(14, 3, 0);
window.suiteTableData['EcommerceApp_Test_Suite']= { tableData: data, tableDiv: 'times-div-EcommerceApp_Test_Suite'}
return data;
}
              </script>
              <span class="suite-total-time">Total running time: 20 seconds</span>
              <div id="times-div-EcommerceApp_Test_Suite">
              </div> <!-- times-div-EcommerceApp_Test_Suite -->
            </div> <!-- times-div -->
          </div> <!-- main-panel-content rounded-window-bottom -->
        </div> <!-- panel -->
        <div panel-name="reporter-EcommerceApp_Test_Suite" class="panel">
          <div class="main-panel-header rounded-window-top">
            <span class="header-content">Reporter output for EcommerceApp Test Suite</span>
          </div> <!-- main-panel-header rounded-window-top -->
          <div class="main-panel-content rounded-window-bottom">
          </div> <!-- main-panel-content rounded-window-bottom -->
        </div> <!-- panel -->
        <div panel-name="ignored-methods-EcommerceApp_Test_Suite" class="panel">
          <div class="main-panel-header rounded-window-top">
            <span class="header-content">0 ignored methods</span>
          </div> <!-- main-panel-header rounded-window-top -->
          <div class="main-panel-content rounded-window-bottom">
          </div> <!-- main-panel-content rounded-window-bottom -->
        </div> <!-- panel -->
        <div panel-name="chronological-EcommerceApp_Test_Suite" class="panel">
          <div class="main-panel-header rounded-window-top">
            <span class="header-content">Methods in chronological order</span>
          </div> <!-- main-panel-header rounded-window-top -->
          <div class="main-panel-content rounded-window-bottom">
            <div class="chronological-class">
              <div class="chronological-class-name">org.latiffsyed.tests.android.PurchaseOrderFlowTest</div> <!-- chronological-class-name -->
              <div class="configuration-class before">
                <img src="failed.png">
                </img>
                <span class="method-name">configureAppium</span>
                <span class="method-start">0 ms</span>
              </div> <!-- configuration-class before -->
              <div class="configuration-class before">
                <img src="failed.png">
                </img>
                <span class="method-name">configureAppium</span>
                <span class="method-start">0 ms</span>
              </div> <!-- configuration-class before -->
              <div class="configuration-class before">
                <img src="failed.png">
                </img>
                <span class="method-name">configureAppium</span>
                <span class="method-start">0 ms</span>
              </div> <!-- configuration-class before -->
              <div class="configuration-method before">
                <img src="failed.png">
                </img>
                <span class="method-name">preSetup</span>
                <span class="method-start">20310 ms</span>
              </div> <!-- configuration-method before -->
              <div class="configuration-method before">
                <img src="failed.png">
                </img>
                <span class="method-name">preSetup</span>
                <span class="method-start">20310 ms</span>
              </div> <!-- configuration-method before -->
              <div class="configuration-method before">
                <img src="failed.png">
                </img>
                <span class="method-name">preSetup</span>
                <span class="method-start">20310 ms</span>
              </div> <!-- configuration-method before -->
              <div class="test-method">
                <span class="method-name">EndToEndOrderFlowTest({gender=Female, name=Nadu Syed, country=Australia})</span>
                <span class="method-start">20319 ms</span>
              </div> <!-- test-method -->
              <div class="test-method">
                <span class="method-name">EndToEndOrderFlowTest({gender=Female, name=Nadu Syed, country=Australia})</span>
                <span class="method-start">20319 ms</span>
              </div> <!-- test-method -->
              <div class="test-method">
                <span class="method-name">EndToEndOrderFlowTest({gender=Female, name=Nadu Syed, country=Australia})</span>
                <span class="method-start">20320 ms</span>
              </div> <!-- test-method -->
              <div class="configuration-class after">
                <img src="failed.png">
                </img>
                <span class="method-name">tearDown</span>
                <span class="method-start">20339 ms</span>
              </div> <!-- configuration-class after -->
              <div class="configuration-class after">
                <img src="failed.png">
                </img>
                <span class="method-name">tearDown</span>
                <span class="method-start">20339 ms</span>
              </div> <!-- configuration-class after -->
              <div class="configuration-class after">
                <img src="failed.png">
                </img>
                <span class="method-name">tearDown</span>
                <span class="method-start">20339 ms</span>
              </div> <!-- configuration-class after -->
            </div> <!-- chronological-class -->
            <div class="chronological-class">
              <div class="chronological-class-name">org.latiffsyed.tests.android.LoginFormValidationTest</div> <!-- chronological-class-name -->
              <div class="configuration-class before">
                <img src="failed.png">
                </img>
                <span class="method-name">configureAppium</span>
                <span class="method-start">20573 ms</span>
              </div> <!-- configuration-class before -->
              <div class="configuration-class before">
                <img src="failed.png">
                </img>
                <span class="method-name">configureAppium</span>
                <span class="method-start">20581 ms</span>
              </div> <!-- configuration-class before -->
              <div class="configuration-class before">
                <img src="failed.png">
                </img>
                <span class="method-name">configureAppium</span>
                <span class="method-start">20595 ms</span>
              </div> <!-- configuration-class before -->
              <div class="configuration-method before">
                <span class="method-name">preSetup</span>
                <span class="method-start">21954 ms</span>
              </div> <!-- configuration-method before -->
              <div class="configuration-method before">
                <span class="method-name">preSetup</span>
                <span class="method-start">21954 ms</span>
              </div> <!-- configuration-method before -->
              <div class="configuration-method before">
                <span class="method-name">preSetup</span>
                <span class="method-start">21958 ms</span>
              </div> <!-- configuration-method before -->
              <div class="test-method">
                <span class="method-name">FormLogin_ErrorValidationFailedTest</span>
                <span class="method-start">21959 ms</span>
              </div> <!-- test-method -->
              <div class="test-method">
                <span class="method-name">FormLogin_ErrorValidationFailedTest</span>
                <span class="method-start">21961 ms</span>
              </div> <!-- test-method -->
              <div class="test-method">
                <span class="method-name">FormLogin_ErrorValidationFailedTest</span>
                <span class="method-start">21963 ms</span>
              </div> <!-- test-method -->
              <div class="configuration-method before">
                <span class="method-name">preSetup</span>
                <span class="method-start">22534 ms</span>
              </div> <!-- configuration-method before -->
              <div class="configuration-method before">
                <span class="method-name">preSetup</span>
                <span class="method-start">22534 ms</span>
              </div> <!-- configuration-method before -->
              <div class="test-method">
                <span class="method-name">FormLogin_ErrorValidationTest</span>
                <span class="method-start">22544 ms</span>
              </div> <!-- test-method -->
              <div class="test-method">
                <span class="method-name">FormLogin_ErrorValidationTest</span>
                <span class="method-start">22546 ms</span>
              </div> <!-- test-method -->
              <div class="configuration-method before">
                <span class="method-name">preSetup</span>
                <span class="method-start">22547 ms</span>
              </div> <!-- configuration-method before -->
              <div class="test-method">
                <span class="method-name">FormLogin_ErrorValidationTest</span>
                <span class="method-start">22555 ms</span>
              </div> <!-- test-method -->
              <div class="configuration-method before">
                <span class="method-name">preSetup</span>
                <span class="method-start">22992 ms</span>
              </div> <!-- configuration-method before -->
              <div class="test-method">
                <span class="method-name">FormLogin_PositiveFlowTest</span>
                <span class="method-start">23001 ms</span>
              </div> <!-- test-method -->
              <div class="configuration-method before">
                <span class="method-name">preSetup</span>
                <span class="method-start">23019 ms</span>
              </div> <!-- configuration-method before -->
              <div class="test-method">
                <span class="method-name">FormLogin_PositiveFlowTest</span>
                <span class="method-start">23025 ms</span>
              </div> <!-- test-method -->
              <div class="configuration-method before">
                <span class="method-name">preSetup</span>
                <span class="method-start">23121 ms</span>
              </div> <!-- configuration-method before -->
              <div class="test-method">
                <span class="method-name">FormLogin_PositiveFlowTest</span>
                <span class="method-start">23126 ms</span>
              </div> <!-- test-method -->
              <div class="configuration-class after">
                <img src="failed.png">
                </img>
                <span class="method-name">tearDown</span>
                <span class="method-start">23371 ms</span>
              </div> <!-- configuration-class after -->
              <div class="configuration-class after">
                <img src="failed.png">
                </img>
                <span class="method-name">tearDown</span>
                <span class="method-start">23383 ms</span>
              </div> <!-- configuration-class after -->
            </div> <!-- chronological-class -->
            <div class="chronological-class">
              <div class="chronological-class-name">org.latiffsyed.tests.iOS.AlertViewMessageValidationTest</div> <!-- chronological-class-name -->
              <div class="configuration-class before">
                <img src="failed.png">
                </img>
                <span class="method-name">configureAppium</span>
                <span class="method-start">23394 ms</span>
              </div> <!-- configuration-class before -->
              <div class="configuration-class before">
                <img src="failed.png">
                </img>
                <span class="method-name">configureAppium</span>
                <span class="method-start">23401 ms</span>
              </div> <!-- configuration-class before -->
              <div class="test-method">
                <span class="method-name">ValidateiOSAlertMessageTest</span>
                <span class="method-start">23420 ms</span>
              </div> <!-- test-method -->
              <div class="test-method">
                <span class="method-name">ValidateiOSAlertMessageTest</span>
                <span class="method-start">23425 ms</span>
              </div> <!-- test-method -->
            </div> <!-- chronological-class -->
            <div class="chronological-class">
              <div class="chronological-class-name">org.latiffsyed.tests.android.LoginFormValidationTest</div> <!-- chronological-class-name -->
              <div class="configuration-class after">
                <img src="failed.png">
                </img>
                <span class="method-name">tearDown</span>
                <span class="method-start">23565 ms</span>
              </div> <!-- configuration-class after -->
            </div> <!-- chronological-class -->
            <div class="chronological-class">
              <div class="chronological-class-name">org.latiffsyed.tests.iOS.AlertViewMessageValidationTest</div> <!-- chronological-class-name -->
              <div class="configuration-class before">
                <img src="failed.png">
                </img>
                <span class="method-name">configureAppium</span>
                <span class="method-start">23583 ms</span>
              </div> <!-- configuration-class before -->
              <div class="test-method">
                <span class="method-name">ValidateiOSAlertMessageTest</span>
                <span class="method-start">23602 ms</span>
              </div> <!-- test-method -->
              <div class="configuration-class after">
                <img src="failed.png">
                </img>
                <span class="method-name">tearDown</span>
                <span class="method-start">23925 ms</span>
              </div> <!-- configuration-class after -->
              <div class="configuration-class after">
                <img src="failed.png">
                </img>
                <span class="method-name">tearDown</span>
                <span class="method-start">23938 ms</span>
              </div> <!-- configuration-class after -->
              <div class="configuration-class after">
                <img src="failed.png">
                </img>
                <span class="method-name">tearDown</span>
                <span class="method-start">24219 ms</span>
              </div> <!-- configuration-class after -->
          </div> <!-- main-panel-content rounded-window-bottom -->
        </div> <!-- panel -->
      </div> <!-- main-panel-root -->
    </div> <!-- wrapper -->
  </body>
<script type="text/javascript" src="testng-reports2.js"></script>
</html>
